Server running on http://localhost:8080
Reproduciendo C:\Users\Administrador\Desktop\Radio Torke\musica\BANDA MS - EL COLOR DE TUS OJOS (VERSIÓN ACÚSTICA).mp3
Tiempo transcurrido: 1s / 231s
Tiempo transcurrido: 2s / 231s
Tiempo transcurrido: 3s / 231s
Tiempo transcurrido: 4s / 231s
Tiempo transcurrido: 5s / 231s
Tiempo transcurrido: 6s / 231s
Tiempo transcurrido: 7s / 231s
Tiempo transcurrido: 8s / 231s
Tiempo transcurrido: 9s / 231s
Tiempo transcurrido: 10s / 231s
Tiempo transcurrido: 11s / 231s
Tiempo transcurrido: 12s / 231s
Tiempo transcurrido: 13s / 231s
Tiempo transcurrido: 14s / 231s
Tiempo transcurrido: 15s / 231s
Tiempo transcurrido: 16s / 231s
Tiempo transcurrido: 17s / 231s
Tiempo transcurrido: 18s / 231s
Tiempo transcurrido: 19s / 231s
Tiempo transcurrido: 20s / 231s
Tiempo transcurrido: 21s / 231s
Tiempo transcurrido: 22s / 231s
Tiempo transcurrido: 23s / 231s
Tiempo transcurrido: 24s / 231s
Tiempo transcurrido: 25s / 231s
Tiempo transcurrido: 26s / 231s
Tiempo transcurrido: 27s / 231s
Tiempo transcurrido: 28s / 231s
Tiempo transcurrido: 29s / 231s
Tiempo transcurrido: 30s / 231s
Tiempo transcurrido: 31s / 231s
Tiempo transcurrido: 32s / 231s
Tiempo transcurrido: 33s / 231s
Tiempo transcurrido: 34s / 231s
Tiempo transcurrido: 35s / 231s
Tiempo transcurrido: 36s / 231s
Tiempo transcurrido: 37s / 231s
Tiempo transcurrido: 38s / 231s
Tiempo transcurrido: 39s / 231s
Tiempo transcurrido: 40s / 231s
Tiempo transcurrido: 41s / 231s
Tiempo transcurrido: 42s / 231s
Tiempo transcurrido: 43s / 231s
Tiempo transcurrido: 44s / 231s
Tiempo transcurrido: 45s / 231s
Tiempo transcurrido: 46s / 231s
Tiempo transcurrido: 47s / 231s
Tiempo transcurrido: 48s / 231s
Tiempo transcurrido: 49s / 231s
Tiempo transcurrido: 50s / 231s
Tiempo transcurrido: 51s / 231s
Tiempo transcurrido: 52s / 231s
Tiempo transcurrido: 53s / 231s
Tiempo transcurrido: 54s / 231s
Tiempo transcurrido: 55s / 231s
Tiempo transcurrido: 56s / 231s
Tiempo transcurrido: 57s / 231s
Tiempo transcurrido: 58s / 231s
Tiempo transcurrido: 59s / 231s
Tiempo transcurrido: 60s / 231s
Tiempo transcurrido: 61s / 231s
Tiempo transcurrido: 62s / 231s
Tiempo transcurrido: 63s / 231s
Tiempo transcurrido: 64s / 231s
Tiempo transcurrido: 65s / 231s
Tiempo transcurrido: 66s / 231s
Tiempo transcurrido: 67s / 231s
Tiempo transcurrido: 68s / 231s
Tiempo transcurrido: 69s / 231s
Tiempo transcurrido: 70s / 231s
Tiempo transcurrido: 71s / 231s
Tiempo transcurrido: 72s / 231s
Tiempo transcurrido: 73s / 231s
Tiempo transcurrido: 74s / 231s
Tiempo transcurrido: 75s / 231s
Tiempo transcurrido: 76s / 231s
Tiempo transcurrido: 77s / 231s
Tiempo transcurrido: 78s / 231s
Tiempo transcurrido: 79s / 231s
Tiempo transcurrido: 80s / 231s
Tiempo transcurrido: 81s / 231s
Tiempo transcurrido: 82s / 231s
Tiempo transcurrido: 83s / 231s
Tiempo transcurrido: 84s / 231s
Tiempo transcurrido: 85s / 231s
Tiempo transcurrido: 86s / 231s
Tiempo transcurrido: 87s / 231s
Tiempo transcurrido: 88s / 231s
Tiempo transcurrido: 89s / 231s
Tiempo transcurrido: 90s / 231s
Tiempo transcurrido: 91s / 231s
Tiempo transcurrido: 92s / 231s
Tiempo transcurrido: 93s / 231s
Tiempo transcurrido: 94s / 231s
Tiempo transcurrido: 95s / 231s
Tiempo transcurrido: 96s / 231s
Tiempo transcurrido: 97s / 231s
Tiempo transcurrido: 98s / 231s
Tiempo transcurrido: 99s / 231s
Tiempo transcurrido: 100s / 231s
Tiempo transcurrido: 101s / 231s
Tiempo transcurrido: 102s / 231s
Tiempo transcurrido: 103s / 231s
Tiempo transcurrido: 104s / 231s
Tiempo transcurrido: 105s / 231s
Tiempo transcurrido: 106s / 231s
Tiempo transcurrido: 107s / 231s
Tiempo transcurrido: 108s / 231s
Tiempo transcurrido: 109s / 231s
Tiempo transcurrido: 110s / 231s
Tiempo transcurrido: 111s / 231s
Tiempo transcurrido: 112s / 231s
Tiempo transcurrido: 113s / 231s
Tiempo transcurrido: 114s / 231s
Tiempo transcurrido: 115s / 231s
Tiempo transcurrido: 116s / 231s
Tiempo transcurrido: 117s / 231s
Tiempo transcurrido: 118s / 231s
Tiempo transcurrido: 119s / 231s
Tiempo transcurrido: 120s / 231s
Tiempo transcurrido: 121s / 231s
Tiempo transcurrido: 122s / 231s
Tiempo transcurrido: 123s / 231s
Tiempo transcurrido: 124s / 231s
Tiempo transcurrido: 125s / 231s
Tiempo transcurrido: 126s / 231s
Tiempo transcurrido: 127s / 231s
Tiempo transcurrido: 128s / 231s
Tiempo transcurrido: 129s / 231s
Tiempo transcurrido: 130s / 231s
Tiempo transcurrido: 131s / 231s
Tiempo transcurrido: 132s / 231s
Tiempo transcurrido: 133s / 231s
Tiempo transcurrido: 134s / 231s
Tiempo transcurrido: 135s / 231s
Tiempo transcurrido: 136s / 231s
Tiempo transcurrido: 137s / 231s
Tiempo transcurrido: 138s / 231s
Tiempo transcurrido: 139s / 231s
Tiempo transcurrido: 140s / 231s
Tiempo transcurrido: 141s / 231s
Tiempo transcurrido: 142s / 231s
Tiempo transcurrido: 143s / 231s
Tiempo transcurrido: 144s / 231s
Tiempo transcurrido: 145s / 231s
Tiempo transcurrido: 146s / 231s
Tiempo transcurrido: 147s / 231s
Tiempo transcurrido: 148s / 231s
Tiempo transcurrido: 149s / 231s
Tiempo transcurrido: 150s / 231s
Tiempo transcurrido: 151s / 231s
Tiempo transcurrido: 152s / 231s
Tiempo transcurrido: 153s / 231s
Tiempo transcurrido: 154s / 231s
Tiempo transcurrido: 155s / 231s
Tiempo transcurrido: 156s / 231s
Tiempo transcurrido: 157s / 231s
Tiempo transcurrido: 158s / 231s
Tiempo transcurrido: 159s / 231s
Tiempo transcurrido: 160s / 231s
Tiempo transcurrido: 161s / 231s
Tiempo transcurrido: 162s / 231s
Tiempo transcurrido: 163s / 231s
Tiempo transcurrido: 164s / 231s
Tiempo transcurrido: 165s / 231s
Tiempo transcurrido: 166s / 231s
Tiempo transcurrido: 167s / 231s
Tiempo transcurrido: 168s / 231s
Tiempo transcurrido: 169s / 231s
Tiempo transcurrido: 170s / 231s
Tiempo transcurrido: 171s / 231s
Tiempo transcurrido: 172s / 231s
Tiempo transcurrido: 173s / 231s
Tiempo transcurrido: 174s / 231s
Tiempo transcurrido: 175s / 231s
Tiempo transcurrido: 176s / 231s
Tiempo transcurrido: 177s / 231s
Tiempo transcurrido: 178s / 231s
Tiempo transcurrido: 179s / 231s
Tiempo transcurrido: 180s / 231s
Tiempo transcurrido: 181s / 231s
Tiempo transcurrido: 182s / 231s
Tiempo transcurrido: 183s / 231s
Tiempo transcurrido: 184s / 231s
Tiempo transcurrido: 185s / 231s
Tiempo transcurrido: 186s / 231s
Tiempo transcurrido: 187s / 231s
Tiempo transcurrido: 188s / 231s
Tiempo transcurrido: 189s / 231s
Tiempo transcurrido: 190s / 231s
Tiempo transcurrido: 191s / 231s
Tiempo transcurrido: 192s / 231s
Tiempo transcurrido: 193s / 231s
Tiempo transcurrido: 194s / 231s
Tiempo transcurrido: 195s / 231s
Tiempo transcurrido: 196s / 231s
Tiempo transcurrido: 197s / 231s
Tiempo transcurrido: 198s / 231s
Tiempo transcurrido: 199s / 231s
Tiempo transcurrido: 200s / 231s
Tiempo transcurrido: 201s / 231s
Tiempo transcurrido: 202s / 231s
Tiempo transcurrido: 203s / 231s
Tiempo transcurrido: 204s / 231s
Tiempo transcurrido: 205s / 231s
Tiempo transcurrido: 206s / 231s
Tiempo transcurrido: 207s / 231s
Tiempo transcurrido: 208s / 231s
Tiempo transcurrido: 209s / 231s
Tiempo transcurrido: 210s / 231s
Tiempo transcurrido: 211s / 231s
Tiempo transcurrido: 212s / 231s
Tiempo transcurrido: 213s / 231s
Tiempo transcurrido: 214s / 231s
Tiempo transcurrido: 215s / 231s
Tiempo transcurrido: 216s / 231s
Tiempo transcurrido: 217s / 231s
Tiempo transcurrido: 218s / 231s
Tiempo transcurrido: 219s / 231s
Tiempo transcurrido: 220s / 231s
Tiempo transcurrido: 221s / 231s
Tiempo transcurrido: 222s / 231s
Tiempo transcurrido: 223s / 231s
Tiempo transcurrido: 224s / 231s
Escogiendo anuncio
Reproduciendo [ad]: C:\Users\Administrador\Desktop\Radio Torke\anuncios\Divisiones.mp3
Reproduciendo C:\Users\Administrador\Desktop\Radio Torke\anuncios\Divisiones.mp3
Tiempo transcurrido: 1s / 39s
Tiempo transcurrido: 2s / 39s
Tiempo transcurrido: 3s / 39s
Tiempo transcurrido: 4s / 39s
Tiempo transcurrido: 5s / 39s
Tiempo transcurrido: 6s / 39s
Tiempo transcurrido: 7s / 39s
Tiempo transcurrido: 8s / 39s
Tiempo transcurrido: 9s / 39s
Tiempo transcurrido: 10s / 39s
Tiempo transcurrido: 11s / 39s
Tiempo transcurrido: 12s / 39s
Tiempo transcurrido: 13s / 39s
Tiempo transcurrido: 14s / 39s
Tiempo transcurrido: 15s / 39s
Tiempo transcurrido: 16s / 39s
Tiempo transcurrido: 17s / 39s
Tiempo transcurrido: 18s / 39s
Tiempo transcurrido: 19s / 39s
Tiempo transcurrido: 20s / 39s
Tiempo transcurrido: 21s / 39s
Tiempo transcurrido: 22s / 39s
Tiempo transcurrido: 23s / 39s
Tiempo transcurrido: 24s / 39s
Tiempo transcurrido: 25s / 39s
Tiempo transcurrido: 26s / 39s
Tiempo transcurrido: 27s / 39s
Tiempo transcurrido: 28s / 39s
Tiempo transcurrido: 29s / 39s
Tiempo transcurrido: 30s / 39s
Tiempo transcurrido: 31s / 39s
Tiempo transcurrido: 32s / 39s
Tiempo transcurrido: 33s / 39s
Tiempo transcurrido: 34s / 39s
Tiempo transcurrido: 35s / 39s
Tiempo transcurrido: 36s / 39s
Tiempo transcurrido: 37s / 39s
Tiempo transcurrido: 38s / 39s
Escogiendo tip
Reproduciendo [tip]: C:\Users\Administrador\Desktop\Radio Torke\TIPS\WhatsApp Video 2022-08-27 at 1.34.26 PM - copia.mp3
Reproduciendo C:\Users\Administrador\Desktop\Radio Torke\TIPS\WhatsApp Video 2022-08-27 at 1.34.26 PM - copia.mp3
Tiempo transcurrido: 1s / 78s
Tiempo transcurrido: 2s / 78s
Tiempo transcurrido: 3s / 78s
Tiempo transcurrido: 4s / 78s
Tiempo transcurrido: 5s / 78s
Tiempo transcurrido: 6s / 78s
Tiempo transcurrido: 7s / 78s
Tiempo transcurrido: 8s / 78s
Tiempo transcurrido: 9s / 78s
Tiempo transcurrido: 10s / 78s
Tiempo transcurrido: 11s / 78s
Tiempo transcurrido: 12s / 78s
Tiempo transcurrido: 13s / 78s
Tiempo transcurrido: 14s / 78s
Tiempo transcurrido: 15s / 78s
Tiempo transcurrido: 16s / 78s
Tiempo transcurrido: 17s / 78s
Tiempo transcurrido: 18s / 78s
Tiempo transcurrido: 19s / 78s
Tiempo transcurrido: 20s / 78s
Tiempo transcurrido: 21s / 78s
Tiempo transcurrido: 22s / 78s
Tiempo transcurrido: 23s / 78s
Tiempo transcurrido: 24s / 78s
Tiempo transcurrido: 25s / 78s
Tiempo transcurrido: 26s / 78s
Tiempo transcurrido: 27s / 78s
Tiempo transcurrido: 28s / 78s
Tiempo transcurrido: 29s / 78s
Tiempo transcurrido: 30s / 78s
Tiempo transcurrido: 31s / 78s
Tiempo transcurrido: 32s / 78s
Tiempo transcurrido: 33s / 78s
Tiempo transcurrido: 34s / 78s
Tiempo transcurrido: 35s / 78s
Tiempo transcurrido: 36s / 78s
Tiempo transcurrido: 37s / 78s
Tiempo transcurrido: 38s / 78s
Tiempo transcurrido: 39s / 78s
Tiempo transcurrido: 40s / 78s
Tiempo transcurrido: 41s / 78s
Tiempo transcurrido: 42s / 78s
Tiempo transcurrido: 43s / 78s
Tiempo transcurrido: 44s / 78s
Tiempo transcurrido: 45s / 78s
Tiempo transcurrido: 46s / 78s
Tiempo transcurrido: 47s / 78s
Tiempo transcurrido: 48s / 78s
Tiempo transcurrido: 49s / 78s
Tiempo transcurrido: 50s / 78s
Tiempo transcurrido: 51s / 78s
Tiempo transcurrido: 52s / 78s
Tiempo transcurrido: 53s / 78s
Tiempo transcurrido: 54s / 78s
Tiempo transcurrido: 55s / 78s
Tiempo transcurrido: 56s / 78s
Tiempo transcurrido: 57s / 78s
Tiempo transcurrido: 58s / 78s
Tiempo transcurrido: 59s / 78s
Tiempo transcurrido: 60s / 78s
Tiempo transcurrido: 61s / 78s
Tiempo transcurrido: 62s / 78s
Tiempo transcurrido: 63s / 78s
Tiempo transcurrido: 64s / 78s
Tiempo transcurrido: 65s / 78s
Tiempo transcurrido: 66s / 78s
Tiempo transcurrido: 67s / 78s
Tiempo transcurrido: 68s / 78s
Tiempo transcurrido: 69s / 78s
Tiempo transcurrido: 70s / 78s
Tiempo transcurrido: 71s / 78s
Tiempo transcurrido: 72s / 78s
Tiempo transcurrido: 73s / 78s
Tiempo transcurrido: 74s / 78s
Tiempo transcurrido: 75s / 78s
Escogiendo canción
Reproduciendo [song]: C:\Users\Administrador\Desktop\Radio Torke\musica\La Adictiva - La Vaquilla (En Vivo).mp3
Reproduciendo C:\Users\Administrador\Desktop\Radio Torke\musica\La Adictiva - La Vaquilla (En Vivo).mp3
Tiempo transcurrido: 1s / 193s
Tiempo transcurrido: 2s / 193s
Tiempo transcurrido: 3s / 193s
Tiempo transcurrido: 4s / 193s
Tiempo transcurrido: 5s / 193s
Tiempo transcurrido: 6s / 193s
Tiempo transcurrido: 7s / 193s
Tiempo transcurrido: 8s / 193s
Tiempo transcurrido: 9s / 193s
Tiempo transcurrido: 10s / 193s
Tiempo transcurrido: 11s / 193s
Tiempo transcurrido: 12s / 193s
Tiempo transcurrido: 13s / 193s
Tiempo transcurrido: 14s / 193s
Tiempo transcurrido: 15s / 193s
Tiempo transcurrido: 16s / 193s
Tiempo transcurrido: 17s / 193s
Tiempo transcurrido: 18s / 193s
Tiempo transcurrido: 19s / 193s
Tiempo transcurrido: 20s / 193s
Tiempo transcurrido: 21s / 193s
Tiempo transcurrido: 22s / 193s
Tiempo transcurrido: 23s / 193s
Tiempo transcurrido: 24s / 193s
Tiempo transcurrido: 25s / 193s
Tiempo transcurrido: 26s / 193s
Tiempo transcurrido: 27s / 193s
Tiempo transcurrido: 28s / 193s
Tiempo transcurrido: 29s / 193s
Tiempo transcurrido: 30s / 193s
Tiempo transcurrido: 31s / 193s
Tiempo transcurrido: 32s / 193s
Tiempo transcurrido: 33s / 193s
Tiempo transcurrido: 34s / 193s
Tiempo transcurrido: 35s / 193s
Tiempo transcurrido: 36s / 193s
Tiempo transcurrido: 37s / 193s
Tiempo transcurrido: 38s / 193s
Tiempo transcurrido: 39s / 193s
Tiempo transcurrido: 40s / 193s
Tiempo transcurrido: 41s / 193s
Tiempo transcurrido: 42s / 193s
Tiempo transcurrido: 43s / 193s
Tiempo transcurrido: 44s / 193s
Tiempo transcurrido: 45s / 193s
Tiempo transcurrido: 46s / 193s
Tiempo transcurrido: 47s / 193s
Tiempo transcurrido: 48s / 193s
Tiempo transcurrido: 49s / 193s
Tiempo transcurrido: 50s / 193s
Tiempo transcurrido: 51s / 193s
Tiempo transcurrido: 52s / 193s
Tiempo transcurrido: 53s / 193s
Tiempo transcurrido: 54s / 193s
Tiempo transcurrido: 55s / 193s
Tiempo transcurrido: 56s / 193s
Tiempo transcurrido: 57s / 193s
Tiempo transcurrido: 58s / 193s
Tiempo transcurrido: 59s / 193s
Tiempo transcurrido: 60s / 193s
Tiempo transcurrido: 61s / 193s
Tiempo transcurrido: 62s / 193s
Tiempo transcurrido: 63s / 193s
Tiempo transcurrido: 64s / 193s
Tiempo transcurrido: 65s / 193s
Tiempo transcurrido: 66s / 193s
Tiempo transcurrido: 67s / 193s
Tiempo transcurrido: 68s / 193s
Tiempo transcurrido: 69s / 193s
Tiempo transcurrido: 70s / 193s
Tiempo transcurrido: 71s / 193s
Tiempo transcurrido: 72s / 193s
Tiempo transcurrido: 73s / 193s
Tiempo transcurrido: 74s / 193s
Tiempo transcurrido: 75s / 193s
Tiempo transcurrido: 76s / 193s
Tiempo transcurrido: 77s / 193s
Tiempo transcurrido: 78s / 193s
Tiempo transcurrido: 79s / 193s
Tiempo transcurrido: 80s / 193s
Tiempo transcurrido: 81s / 193s
Tiempo transcurrido: 82s / 193s
Tiempo transcurrido: 83s / 193s
Tiempo transcurrido: 84s / 193s
Tiempo transcurrido: 85s / 193s
Tiempo transcurrido: 86s / 193s
Tiempo transcurrido: 87s / 193s
Tiempo transcurrido: 88s / 193s
Tiempo transcurrido: 89s / 193s
Tiempo transcurrido: 90s / 193s
Tiempo transcurrido: 91s / 193s
Tiempo transcurrido: 92s / 193s
Tiempo transcurrido: 93s / 193s
Tiempo transcurrido: 94s / 193s
Tiempo transcurrido: 95s / 193s
Tiempo transcurrido: 96s / 193s
Tiempo transcurrido: 97s / 193s
Tiempo transcurrido: 98s / 193s
Tiempo transcurrido: 99s / 193s
Tiempo transcurrido: 100s / 193s
Tiempo transcurrido: 101s / 193s
Tiempo transcurrido: 102s / 193s
Tiempo transcurrido: 103s / 193s
Tiempo transcurrido: 104s / 193s
Tiempo transcurrido: 105s / 193s
Tiempo transcurrido: 106s / 193s
Tiempo transcurrido: 107s / 193s
Tiempo transcurrido: 108s / 193s
Tiempo transcurrido: 109s / 193s
Tiempo transcurrido: 110s / 193s
Tiempo transcurrido: 111s / 193s
Tiempo transcurrido: 112s / 193s
Tiempo transcurrido: 113s / 193s
Tiempo transcurrido: 114s / 193s
Tiempo transcurrido: 115s / 193s
Tiempo transcurrido: 116s / 193s
Tiempo transcurrido: 117s / 193s
Tiempo transcurrido: 118s / 193s
Tiempo transcurrido: 119s / 193s
Tiempo transcurrido: 120s / 193s
Tiempo transcurrido: 121s / 193s
Tiempo transcurrido: 122s / 193s
Tiempo transcurrido: 123s / 193s
Tiempo transcurrido: 124s / 193s
Tiempo transcurrido: 125s / 193s
Tiempo transcurrido: 126s / 193s
Tiempo transcurrido: 127s / 193s
Tiempo transcurrido: 128s / 193s
Tiempo transcurrido: 129s / 193s
Tiempo transcurrido: 130s / 193s
Tiempo transcurrido: 131s / 193s
Tiempo transcurrido: 132s / 193s
Tiempo transcurrido: 133s / 193s
Tiempo transcurrido: 134s / 193s
Tiempo transcurrido: 135s / 193s
Tiempo transcurrido: 136s / 193s
Tiempo transcurrido: 137s / 193s
Tiempo transcurrido: 138s / 193s
Tiempo transcurrido: 139s / 193s
Tiempo transcurrido: 140s / 193s
Tiempo transcurrido: 141s / 193s
Tiempo transcurrido: 142s / 193s
Tiempo transcurrido: 143s / 193s
Tiempo transcurrido: 144s / 193s
Tiempo transcurrido: 145s / 193s
Tiempo transcurrido: 146s / 193s
Tiempo transcurrido: 147s / 193s
Tiempo transcurrido: 148s / 193s
Tiempo transcurrido: 149s / 193s
Tiempo transcurrido: 150s / 193s
Tiempo transcurrido: 151s / 193s
Tiempo transcurrido: 152s / 193s
Tiempo transcurrido: 153s / 193s
Tiempo transcurrido: 154s / 193s
Tiempo transcurrido: 155s / 193s
Tiempo transcurrido: 156s / 193s
Tiempo transcurrido: 157s / 193s
Tiempo transcurrido: 158s / 193s
Tiempo transcurrido: 159s / 193s
Tiempo transcurrido: 160s / 193s
Tiempo transcurrido: 161s / 193s
Tiempo transcurrido: 162s / 193s
Tiempo transcurrido: 163s / 193s
Tiempo transcurrido: 164s / 193s
Tiempo transcurrido: 165s / 193s
Tiempo transcurrido: 166s / 193s
Tiempo transcurrido: 167s / 193s
Tiempo transcurrido: 168s / 193s
Tiempo transcurrido: 169s / 193s
Tiempo transcurrido: 170s / 193s
Tiempo transcurrido: 171s / 193s
Tiempo transcurrido: 172s / 193s
Tiempo transcurrido: 173s / 193s
Tiempo transcurrido: 174s / 193s
Tiempo transcurrido: 175s / 193s
Tiempo transcurrido: 176s / 193s
Tiempo transcurrido: 177s / 193s
Tiempo transcurrido: 178s / 193s
Tiempo transcurrido: 179s / 193s
Tiempo transcurrido: 180s / 193s
Tiempo transcurrido: 181s / 193s
Tiempo transcurrido: 182s / 193s
Tiempo transcurrido: 183s / 193s
Tiempo transcurrido: 184s / 193s
Tiempo transcurrido: 185s / 193s
Tiempo transcurrido: 186s / 193s
Tiempo transcurrido: 187s / 193s
Escogiendo anuncio
Reproduciendo [ad]: C:\Users\Administrador\Desktop\Radio Torke\anuncios\SPOT ANIVERSARIO PRODUCTO AL COSTO-CHAVEZ.mpeg
Reproduciendo C:\Users\Administrador\Desktop\Radio Torke\anuncios\SPOT ANIVERSARIO PRODUCTO AL COSTO-CHAVEZ.mpeg
Tiempo transcurrido: 1s / 23s
Tiempo transcurrido: 2s / 23s
Tiempo transcurrido: 3s / 23s
Tiempo transcurrido: 4s / 23s
Tiempo transcurrido: 5s / 23s
Tiempo transcurrido: 6s / 23s
Tiempo transcurrido: 7s / 23s
Tiempo transcurrido: 8s / 23s
Tiempo transcurrido: 9s / 23s
Tiempo transcurrido: 10s / 23s
Tiempo transcurrido: 11s / 23s
Tiempo transcurrido: 12s / 23s
Tiempo transcurrido: 13s / 23s
Tiempo transcurrido: 14s / 23s
Tiempo transcurrido: 15s / 23s
Tiempo transcurrido: 16s / 23s
Tiempo transcurrido: 17s / 23s
Tiempo transcurrido: 18s / 23s
Tiempo transcurrido: 19s / 23s
Tiempo transcurrido: 20s / 23s
Tiempo transcurrido: 21s / 23s
Tiempo transcurrido: 22s / 23s
Escogiendo tip
Reproduciendo [tip]: C:\Users\Administrador\Desktop\Radio Torke\TIPS\COOLER TRK 3600 - copia.mp3
Reproduciendo C:\Users\Administrador\Desktop\Radio Torke\TIPS\COOLER TRK 3600 - copia.mp3
Tiempo transcurrido: 1s / 65s
Tiempo transcurrido: 2s / 65s
Tiempo transcurrido: 3s / 65s
Tiempo transcurrido: 4s / 65s
Tiempo transcurrido: 5s / 65s
Tiempo transcurrido: 6s / 65s
Tiempo transcurrido: 7s / 65s
Tiempo transcurrido: 8s / 65s
Tiempo transcurrido: 9s / 65s
Tiempo transcurrido: 10s / 65s
Tiempo transcurrido: 11s / 65s
Tiempo transcurrido: 12s / 65s
Tiempo transcurrido: 13s / 65s
Tiempo transcurrido: 14s / 65s
Tiempo transcurrido: 15s / 65s
Tiempo transcurrido: 16s / 65s
Tiempo transcurrido: 17s / 65s
Tiempo transcurrido: 18s / 65s
Tiempo transcurrido: 19s / 65s
Tiempo transcurrido: 20s / 65s
